2020-01-31 11:58:01,063 INFO 12104 [egg-schedule]: register schedule D:\Web前端\高级Nodejs（第二次\nodejs-code\LABIXIAOXIN\server\node_modules\egg-multipart\app\schedule\clean_tmpdir.js
2020-01-31 11:58:01,063 INFO 12104 [egg-schedule]: register schedule D:\Web前端\高级Nodejs（第二次\nodejs-code\LABIXIAOXIN\server\node_modules\egg-logrotator\app\schedule\clean_log.js
2020-01-31 11:58:01,063 INFO 12104 [egg-schedule]: register schedule D:\Web前端\高级Nodejs（第二次\nodejs-code\LABIXIAOXIN\server\node_modules\egg-logrotator\app\schedule\rotate_by_file.js
2020-01-31 11:58:01,235 INFO 2296 [Timer] D:\Web前端\高级Nodejs（第二次\nodejs-code\LABIXIAOXIN\server\node_modules\egg-multipart\app\schedule\clean_tmpdir.js next time will execute after 59518767ms at 2020-02-01 04:30:00.002
2020-01-31 11:58:01,236 INFO 2296 [Timer] D:\Web前端\高级Nodejs（第二次\nodejs-code\LABIXIAOXIN\server\node_modules\egg-logrotator\app\schedule\clean_log.js next time will execute after 43318764ms at 2020-02-01 00:00:00.000
2020-01-31 11:58:01,236 INFO 2296 [Timer] D:\Web前端\高级Nodejs（第二次\nodejs-code\LABIXIAOXIN\server\node_modules\egg-logrotator\app\schedule\rotate_by_file.js next time will execute after 43319764ms at 2020-02-01 00:00:01.000
2020-01-31 11:59:45,158 INFO 5052 [egg-schedule]: register schedule D:\Web前端\高级Nodejs（第二次\nodejs-code\LABIXIAOXIN\server\node_modules\egg-multipart\app\schedule\clean_tmpdir.js
2020-01-31 11:59:45,158 INFO 5052 [egg-schedule]: register schedule D:\Web前端\高级Nodejs（第二次\nodejs-code\LABIXIAOXIN\server\node_modules\egg-logrotator\app\schedule\clean_log.js
2020-01-31 11:59:45,158 INFO 5052 [egg-schedule]: register schedule D:\Web前端\高级Nodejs（第二次\nodejs-code\LABIXIAOXIN\server\node_modules\egg-logrotator\app\schedule\rotate_by_file.js
2020-01-31 12:02:35,841 INFO 9668 [egg-schedule]: register schedule D:\Web前端\高级Nodejs（第二次\nodejs-code\LABIXIAOXIN\server\node_modules\egg-multipart\app\schedule\clean_tmpdir.js
2020-01-31 12:02:35,841 INFO 9668 [egg-schedule]: register schedule D:\Web前端\高级Nodejs（第二次\nodejs-code\LABIXIAOXIN\server\node_modules\egg-logrotator\app\schedule\clean_log.js
2020-01-31 12:02:35,841 INFO 9668 [egg-schedule]: register schedule D:\Web前端\高级Nodejs（第二次\nodejs-code\LABIXIAOXIN\server\node_modules\egg-logrotator\app\schedule\rotate_by_file.js
2020-01-31 12:02:36,014 INFO 14244 [Timer] D:\Web前端\高级Nodejs（第二次\nodejs-code\LABIXIAOXIN\server\node_modules\egg-multipart\app\schedule\clean_tmpdir.js next time will execute after 59243988ms at 2020-02-01 04:30:00.002
2020-01-31 12:02:36,014 INFO 14244 [Timer] D:\Web前端\高级Nodejs（第二次\nodejs-code\LABIXIAOXIN\server\node_modules\egg-logrotator\app\schedule\clean_log.js next time will execute after 43043986ms at 2020-02-01 00:00:00.000
2020-01-31 12:02:36,015 INFO 14244 [Timer] D:\Web前端\高级Nodejs（第二次\nodejs-code\LABIXIAOXIN\server\node_modules\egg-logrotator\app\schedule\rotate_by_file.js next time will execute after 43044986ms at 2020-02-01 00:00:01.001
2020-01-31 12:13:51,598 INFO 972 [egg-schedule]: register schedule D:\Web前端\高级Nodejs（第二次\nodejs-code\LABIXIAOXIN\server\node_modules\egg-multipart\app\schedule\clean_tmpdir.js
2020-01-31 12:13:51,598 INFO 972 [egg-schedule]: register schedule D:\Web前端\高级Nodejs（第二次\nodejs-code\LABIXIAOXIN\server\node_modules\egg-logrotator\app\schedule\clean_log.js
2020-01-31 12:13:51,598 INFO 972 [egg-schedule]: register schedule D:\Web前端\高级Nodejs（第二次\nodejs-code\LABIXIAOXIN\server\node_modules\egg-logrotator\app\schedule\rotate_by_file.js
2020-01-31 12:13:57,317 INFO 2988 [egg-schedule]: register schedule D:\Web前端\高级Nodejs（第二次\nodejs-code\LABIXIAOXIN\server\node_modules\egg-multipart\app\schedule\clean_tmpdir.js
2020-01-31 12:13:57,317 INFO 2988 [egg-schedule]: register schedule D:\Web前端\高级Nodejs（第二次\nodejs-code\LABIXIAOXIN\server\node_modules\egg-logrotator\app\schedule\clean_log.js
2020-01-31 12:13:57,317 INFO 2988 [egg-schedule]: register schedule D:\Web前端\高级Nodejs（第二次\nodejs-code\LABIXIAOXIN\server\node_modules\egg-logrotator\app\schedule\rotate_by_file.js
2020-01-31 12:14:00,893 INFO 8372 [egg-schedule]: register schedule D:\Web前端\高级Nodejs（第二次\nodejs-code\LABIXIAOXIN\server\node_modules\egg-multipart\app\schedule\clean_tmpdir.js
2020-01-31 12:14:00,893 INFO 8372 [egg-schedule]: register schedule D:\Web前端\高级Nodejs（第二次\nodejs-code\LABIXIAOXIN\server\node_modules\egg-logrotator\app\schedule\clean_log.js
2020-01-31 12:14:00,893 INFO 8372 [egg-schedule]: register schedule D:\Web前端\高级Nodejs（第二次\nodejs-code\LABIXIAOXIN\server\node_modules\egg-logrotator\app\schedule\rotate_by_file.js
2020-01-31 12:14:57,780 INFO 9444 [egg-schedule]: register schedule D:\Web前端\高级Nodejs（第二次\nodejs-code\LABIXIAOXIN\server\node_modules\egg-multipart\app\schedule\clean_tmpdir.js
2020-01-31 12:14:57,780 INFO 9444 [egg-schedule]: register schedule D:\Web前端\高级Nodejs（第二次\nodejs-code\LABIXIAOXIN\server\node_modules\egg-logrotator\app\schedule\clean_log.js
2020-01-31 12:14:57,780 INFO 9444 [egg-schedule]: register schedule D:\Web前端\高级Nodejs（第二次\nodejs-code\LABIXIAOXIN\server\node_modules\egg-logrotator\app\schedule\rotate_by_file.js
2020-01-31 12:15:28,560 INFO 11416 [egg-schedule]: register schedule D:\Web前端\高级Nodejs（第二次\nodejs-code\LABIXIAOXIN\server\node_modules\egg-multipart\app\schedule\clean_tmpdir.js
2020-01-31 12:15:28,560 INFO 11416 [egg-schedule]: register schedule D:\Web前端\高级Nodejs（第二次\nodejs-code\LABIXIAOXIN\server\node_modules\egg-logrotator\app\schedule\clean_log.js
2020-01-31 12:15:28,560 INFO 11416 [egg-schedule]: register schedule D:\Web前端\高级Nodejs（第二次\nodejs-code\LABIXIAOXIN\server\node_modules\egg-logrotator\app\schedule\rotate_by_file.js
2020-01-31 12:15:29,732 INFO 6868 [egg-schedule]: register schedule D:\Web前端\高级Nodejs（第二次\nodejs-code\LABIXIAOXIN\server\node_modules\egg-multipart\app\schedule\clean_tmpdir.js
2020-01-31 12:15:29,732 INFO 6868 [egg-schedule]: register schedule D:\Web前端\高级Nodejs（第二次\nodejs-code\LABIXIAOXIN\server\node_modules\egg-logrotator\app\schedule\clean_log.js
2020-01-31 12:15:29,732 INFO 6868 [egg-schedule]: register schedule D:\Web前端\高级Nodejs（第二次\nodejs-code\LABIXIAOXIN\server\node_modules\egg-logrotator\app\schedule\rotate_by_file.js
2020-01-31 12:15:43,841 INFO 8864 [egg-schedule]: register schedule D:\Web前端\高级Nodejs（第二次\nodejs-code\LABIXIAOXIN\server\node_modules\egg-multipart\app\schedule\clean_tmpdir.js
2020-01-31 12:15:43,841 INFO 8864 [egg-schedule]: register schedule D:\Web前端\高级Nodejs（第二次\nodejs-code\LABIXIAOXIN\server\node_modules\egg-logrotator\app\schedule\clean_log.js
2020-01-31 12:15:43,841 INFO 8864 [egg-schedule]: register schedule D:\Web前端\高级Nodejs（第二次\nodejs-code\LABIXIAOXIN\server\node_modules\egg-logrotator\app\schedule\rotate_by_file.js
2020-01-31 12:15:54,870 INFO 10628 [egg-schedule]: register schedule D:\Web前端\高级Nodejs（第二次\nodejs-code\LABIXIAOXIN\server\node_modules\egg-multipart\app\schedule\clean_tmpdir.js
2020-01-31 12:15:54,870 INFO 10628 [egg-schedule]: register schedule D:\Web前端\高级Nodejs（第二次\nodejs-code\LABIXIAOXIN\server\node_modules\egg-logrotator\app\schedule\clean_log.js
2020-01-31 12:15:54,870 INFO 10628 [egg-schedule]: register schedule D:\Web前端\高级Nodejs（第二次\nodejs-code\LABIXIAOXIN\server\node_modules\egg-logrotator\app\schedule\rotate_by_file.js
2020-01-31 12:15:58,444 INFO 868 [egg-schedule]: register schedule D:\Web前端\高级Nodejs（第二次\nodejs-code\LABIXIAOXIN\server\node_modules\egg-multipart\app\schedule\clean_tmpdir.js
2020-01-31 12:15:58,444 INFO 868 [egg-schedule]: register schedule D:\Web前端\高级Nodejs（第二次\nodejs-code\LABIXIAOXIN\server\node_modules\egg-logrotator\app\schedule\clean_log.js
2020-01-31 12:15:58,444 INFO 868 [egg-schedule]: register schedule D:\Web前端\高级Nodejs（第二次\nodejs-code\LABIXIAOXIN\server\node_modules\egg-logrotator\app\schedule\rotate_by_file.js
2020-01-31 12:16:38,288 INFO 8660 [egg-schedule]: register schedule D:\Web前端\高级Nodejs（第二次\nodejs-code\LABIXIAOXIN\server\node_modules\egg-multipart\app\schedule\clean_tmpdir.js
2020-01-31 12:16:38,288 INFO 8660 [egg-schedule]: register schedule D:\Web前端\高级Nodejs（第二次\nodejs-code\LABIXIAOXIN\server\node_modules\egg-logrotator\app\schedule\clean_log.js
2020-01-31 12:16:38,288 INFO 8660 [egg-schedule]: register schedule D:\Web前端\高级Nodejs（第二次\nodejs-code\LABIXIAOXIN\server\node_modules\egg-logrotator\app\schedule\rotate_by_file.js
2020-01-31 12:17:08,985 INFO 5984 [egg-schedule]: register schedule D:\Web前端\高级Nodejs（第二次\nodejs-code\LABIXIAOXIN\server\node_modules\egg-multipart\app\schedule\clean_tmpdir.js
2020-01-31 12:17:08,985 INFO 5984 [egg-schedule]: register schedule D:\Web前端\高级Nodejs（第二次\nodejs-code\LABIXIAOXIN\server\node_modules\egg-logrotator\app\schedule\clean_log.js
2020-01-31 12:17:08,985 INFO 5984 [egg-schedule]: register schedule D:\Web前端\高级Nodejs（第二次\nodejs-code\LABIXIAOXIN\server\node_modules\egg-logrotator\app\schedule\rotate_by_file.js
2020-01-31 12:17:10,160 INFO 12240 [egg-schedule]: register schedule D:\Web前端\高级Nodejs（第二次\nodejs-code\LABIXIAOXIN\server\node_modules\egg-multipart\app\schedule\clean_tmpdir.js
2020-01-31 12:17:10,160 INFO 12240 [egg-schedule]: register schedule D:\Web前端\高级Nodejs（第二次\nodejs-code\LABIXIAOXIN\server\node_modules\egg-logrotator\app\schedule\clean_log.js
2020-01-31 12:17:10,160 INFO 12240 [egg-schedule]: register schedule D:\Web前端\高级Nodejs（第二次\nodejs-code\LABIXIAOXIN\server\node_modules\egg-logrotator\app\schedule\rotate_by_file.js
2020-01-31 12:17:20,708 INFO 11804 [egg-schedule]: register schedule D:\Web前端\高级Nodejs（第二次\nodejs-code\LABIXIAOXIN\server\node_modules\egg-multipart\app\schedule\clean_tmpdir.js
2020-01-31 12:17:20,708 INFO 11804 [egg-schedule]: register schedule D:\Web前端\高级Nodejs（第二次\nodejs-code\LABIXIAOXIN\server\node_modules\egg-logrotator\app\schedule\clean_log.js
2020-01-31 12:17:20,708 INFO 11804 [egg-schedule]: register schedule D:\Web前端\高级Nodejs（第二次\nodejs-code\LABIXIAOXIN\server\node_modules\egg-logrotator\app\schedule\rotate_by_file.js
2020-01-31 12:17:24,131 INFO 13672 [egg-schedule]: register schedule D:\Web前端\高级Nodejs（第二次\nodejs-code\LABIXIAOXIN\server\node_modules\egg-multipart\app\schedule\clean_tmpdir.js
2020-01-31 12:17:24,131 INFO 13672 [egg-schedule]: register schedule D:\Web前端\高级Nodejs（第二次\nodejs-code\LABIXIAOXIN\server\node_modules\egg-logrotator\app\schedule\clean_log.js
2020-01-31 12:17:24,131 INFO 13672 [egg-schedule]: register schedule D:\Web前端\高级Nodejs（第二次\nodejs-code\LABIXIAOXIN\server\node_modules\egg-logrotator\app\schedule\rotate_by_file.js
2020-01-31 12:18:12,558 INFO 9172 [egg-schedule]: register schedule D:\Web前端\高级Nodejs（第二次\nodejs-code\LABIXIAOXIN\server\node_modules\egg-multipart\app\schedule\clean_tmpdir.js
2020-01-31 12:18:12,558 INFO 9172 [egg-schedule]: register schedule D:\Web前端\高级Nodejs（第二次\nodejs-code\LABIXIAOXIN\server\node_modules\egg-logrotator\app\schedule\clean_log.js
2020-01-31 12:18:12,558 INFO 9172 [egg-schedule]: register schedule D:\Web前端\高级Nodejs（第二次\nodejs-code\LABIXIAOXIN\server\node_modules\egg-logrotator\app\schedule\rotate_by_file.js
2020-01-31 12:20:14,536 INFO 1936 [egg-schedule]: register schedule D:\Web前端\高级Nodejs（第二次\nodejs-code\LABIXIAOXIN\server\node_modules\egg-multipart\app\schedule\clean_tmpdir.js
2020-01-31 12:20:14,536 INFO 1936 [egg-schedule]: register schedule D:\Web前端\高级Nodejs（第二次\nodejs-code\LABIXIAOXIN\server\node_modules\egg-logrotator\app\schedule\clean_log.js
2020-01-31 12:20:14,536 INFO 1936 [egg-schedule]: register schedule D:\Web前端\高级Nodejs（第二次\nodejs-code\LABIXIAOXIN\server\node_modules\egg-logrotator\app\schedule\rotate_by_file.js
2020-01-31 12:20:20,497 INFO 14308 [egg-schedule]: register schedule D:\Web前端\高级Nodejs（第二次\nodejs-code\LABIXIAOXIN\server\node_modules\egg-multipart\app\schedule\clean_tmpdir.js
2020-01-31 12:20:20,497 INFO 14308 [egg-schedule]: register schedule D:\Web前端\高级Nodejs（第二次\nodejs-code\LABIXIAOXIN\server\node_modules\egg-logrotator\app\schedule\clean_log.js
2020-01-31 12:20:20,497 INFO 14308 [egg-schedule]: register schedule D:\Web前端\高级Nodejs（第二次\nodejs-code\LABIXIAOXIN\server\node_modules\egg-logrotator\app\schedule\rotate_by_file.js
2020-01-31 12:20:36,531 INFO 9936 [egg-schedule]: register schedule D:\Web前端\高级Nodejs（第二次\nodejs-code\LABIXIAOXIN\server\node_modules\egg-multipart\app\schedule\clean_tmpdir.js
2020-01-31 12:20:36,531 INFO 9936 [egg-schedule]: register schedule D:\Web前端\高级Nodejs（第二次\nodejs-code\LABIXIAOXIN\server\node_modules\egg-logrotator\app\schedule\clean_log.js
2020-01-31 12:20:36,531 INFO 9936 [egg-schedule]: register schedule D:\Web前端\高级Nodejs（第二次\nodejs-code\LABIXIAOXIN\server\node_modules\egg-logrotator\app\schedule\rotate_by_file.js
2020-01-31 12:21:36,523 INFO 11980 [egg-schedule]: register schedule D:\Web前端\高级Nodejs（第二次\nodejs-code\LABIXIAOXIN\server\node_modules\egg-multipart\app\schedule\clean_tmpdir.js
2020-01-31 12:21:36,523 INFO 11980 [egg-schedule]: register schedule D:\Web前端\高级Nodejs（第二次\nodejs-code\LABIXIAOXIN\server\node_modules\egg-logrotator\app\schedule\clean_log.js
2020-01-31 12:21:36,523 INFO 11980 [egg-schedule]: register schedule D:\Web前端\高级Nodejs（第二次\nodejs-code\LABIXIAOXIN\server\node_modules\egg-logrotator\app\schedule\rotate_by_file.js
2020-01-31 12:21:44,995 INFO 11740 [egg-schedule]: register schedule D:\Web前端\高级Nodejs（第二次\nodejs-code\LABIXIAOXIN\server\node_modules\egg-multipart\app\schedule\clean_tmpdir.js
2020-01-31 12:21:44,995 INFO 11740 [egg-schedule]: register schedule D:\Web前端\高级Nodejs（第二次\nodejs-code\LABIXIAOXIN\server\node_modules\egg-logrotator\app\schedule\clean_log.js
2020-01-31 12:21:44,995 INFO 11740 [egg-schedule]: register schedule D:\Web前端\高级Nodejs（第二次\nodejs-code\LABIXIAOXIN\server\node_modules\egg-logrotator\app\schedule\rotate_by_file.js
2020-01-31 12:21:47,460 INFO 11680 [egg-schedule]: register schedule D:\Web前端\高级Nodejs（第二次\nodejs-code\LABIXIAOXIN\server\node_modules\egg-multipart\app\schedule\clean_tmpdir.js
2020-01-31 12:21:47,460 INFO 11680 [egg-schedule]: register schedule D:\Web前端\高级Nodejs（第二次\nodejs-code\LABIXIAOXIN\server\node_modules\egg-logrotator\app\schedule\clean_log.js
2020-01-31 12:21:47,460 INFO 11680 [egg-schedule]: register schedule D:\Web前端\高级Nodejs（第二次\nodejs-code\LABIXIAOXIN\server\node_modules\egg-logrotator\app\schedule\rotate_by_file.js
2020-01-31 12:21:54,958 INFO 13596 [egg-schedule]: register schedule D:\Web前端\高级Nodejs（第二次\nodejs-code\LABIXIAOXIN\server\node_modules\egg-multipart\app\schedule\clean_tmpdir.js
2020-01-31 12:21:54,958 INFO 13596 [egg-schedule]: register schedule D:\Web前端\高级Nodejs（第二次\nodejs-code\LABIXIAOXIN\server\node_modules\egg-logrotator\app\schedule\clean_log.js
2020-01-31 12:21:54,958 INFO 13596 [egg-schedule]: register schedule D:\Web前端\高级Nodejs（第二次\nodejs-code\LABIXIAOXIN\server\node_modules\egg-logrotator\app\schedule\rotate_by_file.js
2020-01-31 12:22:23,260 INFO 8380 [egg-schedule]: register schedule D:\Web前端\高级Nodejs（第二次\nodejs-code\LABIXIAOXIN\server\node_modules\egg-multipart\app\schedule\clean_tmpdir.js
2020-01-31 12:22:23,260 INFO 8380 [egg-schedule]: register schedule D:\Web前端\高级Nodejs（第二次\nodejs-code\LABIXIAOXIN\server\node_modules\egg-logrotator\app\schedule\clean_log.js
2020-01-31 12:22:23,260 INFO 8380 [egg-schedule]: register schedule D:\Web前端\高级Nodejs（第二次\nodejs-code\LABIXIAOXIN\server\node_modules\egg-logrotator\app\schedule\rotate_by_file.js
2020-01-31 12:22:26,311 INFO 13468 [egg-schedule]: register schedule D:\Web前端\高级Nodejs（第二次\nodejs-code\LABIXIAOXIN\server\node_modules\egg-multipart\app\schedule\clean_tmpdir.js
2020-01-31 12:22:26,311 INFO 13468 [egg-schedule]: register schedule D:\Web前端\高级Nodejs（第二次\nodejs-code\LABIXIAOXIN\server\node_modules\egg-logrotator\app\schedule\clean_log.js
2020-01-31 12:22:26,311 INFO 13468 [egg-schedule]: register schedule D:\Web前端\高级Nodejs（第二次\nodejs-code\LABIXIAOXIN\server\node_modules\egg-logrotator\app\schedule\rotate_by_file.js
2020-01-31 12:22:42,880 INFO 9124 [egg-schedule]: register schedule D:\Web前端\高级Nodejs（第二次\nodejs-code\LABIXIAOXIN\server\node_modules\egg-multipart\app\schedule\clean_tmpdir.js
2020-01-31 12:22:42,880 INFO 9124 [egg-schedule]: register schedule D:\Web前端\高级Nodejs（第二次\nodejs-code\LABIXIAOXIN\server\node_modules\egg-logrotator\app\schedule\clean_log.js
2020-01-31 12:22:42,880 INFO 9124 [egg-schedule]: register schedule D:\Web前端\高级Nodejs（第二次\nodejs-code\LABIXIAOXIN\server\node_modules\egg-logrotator\app\schedule\rotate_by_file.js
2020-01-31 12:23:11,148 INFO 12920 [egg-schedule]: register schedule D:\Web前端\高级Nodejs（第二次\nodejs-code\LABIXIAOXIN\server\node_modules\egg-multipart\app\schedule\clean_tmpdir.js
2020-01-31 12:23:11,148 INFO 12920 [egg-schedule]: register schedule D:\Web前端\高级Nodejs（第二次\nodejs-code\LABIXIAOXIN\server\node_modules\egg-logrotator\app\schedule\clean_log.js
2020-01-31 12:23:11,148 INFO 12920 [egg-schedule]: register schedule D:\Web前端\高级Nodejs（第二次\nodejs-code\LABIXIAOXIN\server\node_modules\egg-logrotator\app\schedule\rotate_by_file.js
2020-01-31 12:24:02,077 INFO 4100 [egg-schedule]: register schedule D:\Web前端\高级Nodejs（第二次\nodejs-code\LABIXIAOXIN\server\node_modules\egg-multipart\app\schedule\clean_tmpdir.js
2020-01-31 12:24:02,077 INFO 4100 [egg-schedule]: register schedule D:\Web前端\高级Nodejs（第二次\nodejs-code\LABIXIAOXIN\server\node_modules\egg-logrotator\app\schedule\clean_log.js
2020-01-31 12:24:02,077 INFO 4100 [egg-schedule]: register schedule D:\Web前端\高级Nodejs（第二次\nodejs-code\LABIXIAOXIN\server\node_modules\egg-logrotator\app\schedule\rotate_by_file.js
2020-01-31 12:25:35,282 INFO 7800 [egg-schedule]: register schedule D:\Web前端\高级Nodejs（第二次\nodejs-code\LABIXIAOXIN\server\node_modules\egg-multipart\app\schedule\clean_tmpdir.js
2020-01-31 12:25:35,282 INFO 7800 [egg-schedule]: register schedule D:\Web前端\高级Nodejs（第二次\nodejs-code\LABIXIAOXIN\server\node_modules\egg-logrotator\app\schedule\clean_log.js
2020-01-31 12:25:35,282 INFO 7800 [egg-schedule]: register schedule D:\Web前端\高级Nodejs（第二次\nodejs-code\LABIXIAOXIN\server\node_modules\egg-logrotator\app\schedule\rotate_by_file.js
2020-01-31 12:25:39,611 INFO 13612 [egg-schedule]: register schedule D:\Web前端\高级Nodejs（第二次\nodejs-code\LABIXIAOXIN\server\node_modules\egg-multipart\app\schedule\clean_tmpdir.js
2020-01-31 12:25:39,611 INFO 13612 [egg-schedule]: register schedule D:\Web前端\高级Nodejs（第二次\nodejs-code\LABIXIAOXIN\server\node_modules\egg-logrotator\app\schedule\clean_log.js
2020-01-31 12:25:39,611 INFO 13612 [egg-schedule]: register schedule D:\Web前端\高级Nodejs（第二次\nodejs-code\LABIXIAOXIN\server\node_modules\egg-logrotator\app\schedule\rotate_by_file.js
2020-01-31 12:26:33,216 INFO 9276 [egg-schedule]: register schedule D:\Web前端\高级Nodejs（第二次\nodejs-code\LABIXIAOXIN\server\node_modules\egg-multipart\app\schedule\clean_tmpdir.js
2020-01-31 12:26:33,216 INFO 9276 [egg-schedule]: register schedule D:\Web前端\高级Nodejs（第二次\nodejs-code\LABIXIAOXIN\server\node_modules\egg-logrotator\app\schedule\clean_log.js
2020-01-31 12:26:33,216 INFO 9276 [egg-schedule]: register schedule D:\Web前端\高级Nodejs（第二次\nodejs-code\LABIXIAOXIN\server\node_modules\egg-logrotator\app\schedule\rotate_by_file.js
2020-01-31 12:27:19,257 INFO 13688 [Timer] D:\Web前端\高级Nodejs（第二次\nodejs-code\LABIXIAOXIN\server\node_modules\egg-multipart\app\schedule\clean_tmpdir.js next time will execute after 57760746ms at 2020-02-01 04:30:00.003
2020-01-31 12:27:19,257 INFO 13688 [Timer] D:\Web前端\高级Nodejs（第二次\nodejs-code\LABIXIAOXIN\server\node_modules\egg-logrotator\app\schedule\clean_log.js next time will execute after 41560743ms at 2020-02-01 00:00:00.000
2020-01-31 12:27:19,257 INFO 13688 [Timer] D:\Web前端\高级Nodejs（第二次\nodejs-code\LABIXIAOXIN\server\node_modules\egg-logrotator\app\schedule\rotate_by_file.js next time will execute after 41561743ms at 2020-02-01 00:00:01.000
2020-01-31 12:27:19,047 INFO 11840 [egg-schedule]: register schedule D:\Web前端\高级Nodejs（第二次\nodejs-code\LABIXIAOXIN\server\node_modules\egg-multipart\app\schedule\clean_tmpdir.js
2020-01-31 12:27:19,047 INFO 11840 [egg-schedule]: register schedule D:\Web前端\高级Nodejs（第二次\nodejs-code\LABIXIAOXIN\server\node_modules\egg-logrotator\app\schedule\clean_log.js
2020-01-31 12:27:19,047 INFO 11840 [egg-schedule]: register schedule D:\Web前端\高级Nodejs（第二次\nodejs-code\LABIXIAOXIN\server\node_modules\egg-logrotator\app\schedule\rotate_by_file.js
2020-01-31 12:29:01,896 INFO 4564 [egg-schedule]: register schedule D:\Web前端\高级Nodejs（第二次\nodejs-code\LABIXIAOXIN\server\node_modules\egg-multipart\app\schedule\clean_tmpdir.js
2020-01-31 12:29:01,896 INFO 4564 [egg-schedule]: register schedule D:\Web前端\高级Nodejs（第二次\nodejs-code\LABIXIAOXIN\server\node_modules\egg-logrotator\app\schedule\clean_log.js
2020-01-31 12:29:01,896 INFO 4564 [egg-schedule]: register schedule D:\Web前端\高级Nodejs（第二次\nodejs-code\LABIXIAOXIN\server\node_modules\egg-logrotator\app\schedule\rotate_by_file.js
2020-01-31 12:29:22,146 INFO 13540 [egg-schedule]: register schedule D:\Web前端\高级Nodejs（第二次\nodejs-code\LABIXIAOXIN\server\node_modules\egg-multipart\app\schedule\clean_tmpdir.js
2020-01-31 12:29:22,146 INFO 13540 [egg-schedule]: register schedule D:\Web前端\高级Nodejs（第二次\nodejs-code\LABIXIAOXIN\server\node_modules\egg-logrotator\app\schedule\clean_log.js
2020-01-31 12:29:22,146 INFO 13540 [egg-schedule]: register schedule D:\Web前端\高级Nodejs（第二次\nodejs-code\LABIXIAOXIN\server\node_modules\egg-logrotator\app\schedule\rotate_by_file.js
2020-01-31 12:30:02,167 INFO 4012 [egg-schedule]: register schedule D:\Web前端\高级Nodejs（第二次\nodejs-code\LABIXIAOXIN\server\node_modules\egg-multipart\app\schedule\clean_tmpdir.js
2020-01-31 12:30:02,167 INFO 4012 [egg-schedule]: register schedule D:\Web前端\高级Nodejs（第二次\nodejs-code\LABIXIAOXIN\server\node_modules\egg-logrotator\app\schedule\clean_log.js
2020-01-31 12:30:02,167 INFO 4012 [egg-schedule]: register schedule D:\Web前端\高级Nodejs（第二次\nodejs-code\LABIXIAOXIN\server\node_modules\egg-logrotator\app\schedule\rotate_by_file.js
2020-01-31 12:31:33,952 INFO 4916 [egg-schedule]: register schedule D:\Web前端\高级Nodejs（第二次\nodejs-code\LABIXIAOXIN\server\node_modules\egg-multipart\app\schedule\clean_tmpdir.js
2020-01-31 12:31:33,952 INFO 4916 [egg-schedule]: register schedule D:\Web前端\高级Nodejs（第二次\nodejs-code\LABIXIAOXIN\server\node_modules\egg-logrotator\app\schedule\clean_log.js
2020-01-31 12:31:33,952 INFO 4916 [egg-schedule]: register schedule D:\Web前端\高级Nodejs（第二次\nodejs-code\LABIXIAOXIN\server\node_modules\egg-logrotator\app\schedule\rotate_by_file.js
2020-01-31 12:32:32,128 INFO 7620 [egg-schedule]: register schedule D:\Web前端\高级Nodejs（第二次\nodejs-code\LABIXIAOXIN\server\node_modules\egg-multipart\app\schedule\clean_tmpdir.js
2020-01-31 12:32:32,128 INFO 7620 [egg-schedule]: register schedule D:\Web前端\高级Nodejs（第二次\nodejs-code\LABIXIAOXIN\server\node_modules\egg-logrotator\app\schedule\clean_log.js
2020-01-31 12:32:32,128 INFO 7620 [egg-schedule]: register schedule D:\Web前端\高级Nodejs（第二次\nodejs-code\LABIXIAOXIN\server\node_modules\egg-logrotator\app\schedule\rotate_by_file.js
2020-01-31 12:32:51,864 INFO 1764 [egg-schedule]: register schedule D:\Web前端\高级Nodejs（第二次\nodejs-code\LABIXIAOXIN\server\node_modules\egg-multipart\app\schedule\clean_tmpdir.js
2020-01-31 12:32:51,864 INFO 1764 [egg-schedule]: register schedule D:\Web前端\高级Nodejs（第二次\nodejs-code\LABIXIAOXIN\server\node_modules\egg-logrotator\app\schedule\clean_log.js
2020-01-31 12:32:51,864 INFO 1764 [egg-schedule]: register schedule D:\Web前端\高级Nodejs（第二次\nodejs-code\LABIXIAOXIN\server\node_modules\egg-logrotator\app\schedule\rotate_by_file.js
2020-01-31 12:33:00,577 INFO 11040 [egg-schedule]: register schedule D:\Web前端\高级Nodejs（第二次\nodejs-code\LABIXIAOXIN\server\node_modules\egg-multipart\app\schedule\clean_tmpdir.js
2020-01-31 12:33:00,577 INFO 11040 [egg-schedule]: register schedule D:\Web前端\高级Nodejs（第二次\nodejs-code\LABIXIAOXIN\server\node_modules\egg-logrotator\app\schedule\clean_log.js
2020-01-31 12:33:00,577 INFO 11040 [egg-schedule]: register schedule D:\Web前端\高级Nodejs（第二次\nodejs-code\LABIXIAOXIN\server\node_modules\egg-logrotator\app\schedule\rotate_by_file.js
2020-01-31 12:33:05,163 INFO 7664 [egg-schedule]: register schedule D:\Web前端\高级Nodejs（第二次\nodejs-code\LABIXIAOXIN\server\node_modules\egg-multipart\app\schedule\clean_tmpdir.js
2020-01-31 12:33:05,163 INFO 7664 [egg-schedule]: register schedule D:\Web前端\高级Nodejs（第二次\nodejs-code\LABIXIAOXIN\server\node_modules\egg-logrotator\app\schedule\clean_log.js
2020-01-31 12:33:05,163 INFO 7664 [egg-schedule]: register schedule D:\Web前端\高级Nodejs（第二次\nodejs-code\LABIXIAOXIN\server\node_modules\egg-logrotator\app\schedule\rotate_by_file.js
2020-01-31 12:33:28,207 INFO 8876 [egg-schedule]: register schedule D:\Web前端\高级Nodejs（第二次\nodejs-code\LABIXIAOXIN\server\node_modules\egg-multipart\app\schedule\clean_tmpdir.js
2020-01-31 12:33:28,207 INFO 8876 [egg-schedule]: register schedule D:\Web前端\高级Nodejs（第二次\nodejs-code\LABIXIAOXIN\server\node_modules\egg-logrotator\app\schedule\clean_log.js
2020-01-31 12:33:28,207 INFO 8876 [egg-schedule]: register schedule D:\Web前端\高级Nodejs（第二次\nodejs-code\LABIXIAOXIN\server\node_modules\egg-logrotator\app\schedule\rotate_by_file.js
2020-01-31 12:35:00,259 INFO 6028 [egg-schedule]: register schedule D:\Web前端\高级Nodejs（第二次\nodejs-code\LABIXIAOXIN\server\node_modules\egg-multipart\app\schedule\clean_tmpdir.js
2020-01-31 12:35:00,259 INFO 6028 [egg-schedule]: register schedule D:\Web前端\高级Nodejs（第二次\nodejs-code\LABIXIAOXIN\server\node_modules\egg-logrotator\app\schedule\clean_log.js
2020-01-31 12:35:00,259 INFO 6028 [egg-schedule]: register schedule D:\Web前端\高级Nodejs（第二次\nodejs-code\LABIXIAOXIN\server\node_modules\egg-logrotator\app\schedule\rotate_by_file.js
2020-01-31 12:36:19,512 INFO 13792 [egg-schedule]: register schedule D:\Web前端\高级Nodejs（第二次\nodejs-code\LABIXIAOXIN\server\node_modules\egg-multipart\app\schedule\clean_tmpdir.js
2020-01-31 12:36:19,512 INFO 13792 [egg-schedule]: register schedule D:\Web前端\高级Nodejs（第二次\nodejs-code\LABIXIAOXIN\server\node_modules\egg-logrotator\app\schedule\clean_log.js
2020-01-31 12:36:19,512 INFO 13792 [egg-schedule]: register schedule D:\Web前端\高级Nodejs（第二次\nodejs-code\LABIXIAOXIN\server\node_modules\egg-logrotator\app\schedule\rotate_by_file.js
2020-01-31 12:36:20,772 INFO 13560 [egg-schedule]: register schedule D:\Web前端\高级Nodejs（第二次\nodejs-code\LABIXIAOXIN\server\node_modules\egg-multipart\app\schedule\clean_tmpdir.js
2020-01-31 12:36:20,772 INFO 13560 [egg-schedule]: register schedule D:\Web前端\高级Nodejs（第二次\nodejs-code\LABIXIAOXIN\server\node_modules\egg-logrotator\app\schedule\clean_log.js
2020-01-31 12:36:20,772 INFO 13560 [egg-schedule]: register schedule D:\Web前端\高级Nodejs（第二次\nodejs-code\LABIXIAOXIN\server\node_modules\egg-logrotator\app\schedule\rotate_by_file.js
2020-01-31 12:36:53,941 INFO 10040 [egg-schedule]: register schedule D:\Web前端\高级Nodejs（第二次\nodejs-code\LABIXIAOXIN\server\node_modules\egg-multipart\app\schedule\clean_tmpdir.js
2020-01-31 12:36:53,941 INFO 10040 [egg-schedule]: register schedule D:\Web前端\高级Nodejs（第二次\nodejs-code\LABIXIAOXIN\server\node_modules\egg-logrotator\app\schedule\clean_log.js
2020-01-31 12:36:53,941 INFO 10040 [egg-schedule]: register schedule D:\Web前端\高级Nodejs（第二次\nodejs-code\LABIXIAOXIN\server\node_modules\egg-logrotator\app\schedule\rotate_by_file.js
2020-01-31 12:36:58,413 INFO 13364 [egg-schedule]: register schedule D:\Web前端\高级Nodejs（第二次\nodejs-code\LABIXIAOXIN\server\node_modules\egg-multipart\app\schedule\clean_tmpdir.js
2020-01-31 12:36:58,413 INFO 13364 [egg-schedule]: register schedule D:\Web前端\高级Nodejs（第二次\nodejs-code\LABIXIAOXIN\server\node_modules\egg-logrotator\app\schedule\clean_log.js
2020-01-31 12:36:58,413 INFO 13364 [egg-schedule]: register schedule D:\Web前端\高级Nodejs（第二次\nodejs-code\LABIXIAOXIN\server\node_modules\egg-logrotator\app\schedule\rotate_by_file.js
2020-01-31 12:37:13,075 INFO 7660 [egg-schedule]: register schedule D:\Web前端\高级Nodejs（第二次\nodejs-code\LABIXIAOXIN\server\node_modules\egg-multipart\app\schedule\clean_tmpdir.js
2020-01-31 12:37:13,075 INFO 7660 [egg-schedule]: register schedule D:\Web前端\高级Nodejs（第二次\nodejs-code\LABIXIAOXIN\server\node_modules\egg-logrotator\app\schedule\clean_log.js
2020-01-31 12:37:13,075 INFO 7660 [egg-schedule]: register schedule D:\Web前端\高级Nodejs（第二次\nodejs-code\LABIXIAOXIN\server\node_modules\egg-logrotator\app\schedule\rotate_by_file.js
2020-01-31 12:37:16,124 INFO 13308 [egg-schedule]: register schedule D:\Web前端\高级Nodejs（第二次\nodejs-code\LABIXIAOXIN\server\node_modules\egg-multipart\app\schedule\clean_tmpdir.js
2020-01-31 12:37:16,124 INFO 13308 [egg-schedule]: register schedule D:\Web前端\高级Nodejs（第二次\nodejs-code\LABIXIAOXIN\server\node_modules\egg-logrotator\app\schedule\clean_log.js
2020-01-31 12:37:16,124 INFO 13308 [egg-schedule]: register schedule D:\Web前端\高级Nodejs（第二次\nodejs-code\LABIXIAOXIN\server\node_modules\egg-logrotator\app\schedule\rotate_by_file.js
2020-01-31 12:37:34,007 INFO 14124 [egg-schedule]: register schedule D:\Web前端\高级Nodejs（第二次\nodejs-code\LABIXIAOXIN\server\node_modules\egg-multipart\app\schedule\clean_tmpdir.js
2020-01-31 12:37:34,007 INFO 14124 [egg-schedule]: register schedule D:\Web前端\高级Nodejs（第二次\nodejs-code\LABIXIAOXIN\server\node_modules\egg-logrotator\app\schedule\clean_log.js
2020-01-31 12:37:34,007 INFO 14124 [egg-schedule]: register schedule D:\Web前端\高级Nodejs（第二次\nodejs-code\LABIXIAOXIN\server\node_modules\egg-logrotator\app\schedule\rotate_by_file.js
2020-01-31 12:55:13,893 INFO 3412 [egg-schedule]: register schedule D:\Web前端\高级Nodejs（第二次\nodejs-code\LABIXIAOXIN\server\node_modules\egg-multipart\app\schedule\clean_tmpdir.js
2020-01-31 12:55:13,893 INFO 3412 [egg-schedule]: register schedule D:\Web前端\高级Nodejs（第二次\nodejs-code\LABIXIAOXIN\server\node_modules\egg-logrotator\app\schedule\clean_log.js
2020-01-31 12:55:13,893 INFO 3412 [egg-schedule]: register schedule D:\Web前端\高级Nodejs（第二次\nodejs-code\LABIXIAOXIN\server\node_modules\egg-logrotator\app\schedule\rotate_by_file.js
2020-01-31 13:26:08,357 INFO 5928 [egg-schedule]: register schedule D:\Web前端\高级Nodejs（第二次\nodejs-code\LABIXIAOXIN\server\node_modules\egg-multipart\app\schedule\clean_tmpdir.js
2020-01-31 13:26:08,357 INFO 5928 [egg-schedule]: register schedule D:\Web前端\高级Nodejs（第二次\nodejs-code\LABIXIAOXIN\server\node_modules\egg-logrotator\app\schedule\clean_log.js
2020-01-31 13:26:08,357 INFO 5928 [egg-schedule]: register schedule D:\Web前端\高级Nodejs（第二次\nodejs-code\LABIXIAOXIN\server\node_modules\egg-logrotator\app\schedule\rotate_by_file.js
2020-01-31 13:26:09,673 INFO 13160 [egg-schedule]: register schedule D:\Web前端\高级Nodejs（第二次\nodejs-code\LABIXIAOXIN\server\node_modules\egg-multipart\app\schedule\clean_tmpdir.js
2020-01-31 13:26:09,673 INFO 13160 [egg-schedule]: register schedule D:\Web前端\高级Nodejs（第二次\nodejs-code\LABIXIAOXIN\server\node_modules\egg-logrotator\app\schedule\clean_log.js
2020-01-31 13:26:09,673 INFO 13160 [egg-schedule]: register schedule D:\Web前端\高级Nodejs（第二次\nodejs-code\LABIXIAOXIN\server\node_modules\egg-logrotator\app\schedule\rotate_by_file.js
2020-01-31 13:26:21,326 INFO 13700 [egg-schedule]: register schedule D:\Web前端\高级Nodejs（第二次\nodejs-code\LABIXIAOXIN\server\node_modules\egg-multipart\app\schedule\clean_tmpdir.js
2020-01-31 13:26:21,326 INFO 13700 [egg-schedule]: register schedule D:\Web前端\高级Nodejs（第二次\nodejs-code\LABIXIAOXIN\server\node_modules\egg-logrotator\app\schedule\clean_log.js
2020-01-31 13:26:21,326 INFO 13700 [egg-schedule]: register schedule D:\Web前端\高级Nodejs（第二次\nodejs-code\LABIXIAOXIN\server\node_modules\egg-logrotator\app\schedule\rotate_by_file.js
2020-01-31 13:29:20,263 INFO 4468 [egg-schedule]: register schedule D:\Web前端\高级Nodejs（第二次\nodejs-code\LABIXIAOXIN\server\node_modules\egg-multipart\app\schedule\clean_tmpdir.js
2020-01-31 13:29:20,263 INFO 4468 [egg-schedule]: register schedule D:\Web前端\高级Nodejs（第二次\nodejs-code\LABIXIAOXIN\server\node_modules\egg-logrotator\app\schedule\clean_log.js
2020-01-31 13:29:20,263 INFO 4468 [egg-schedule]: register schedule D:\Web前端\高级Nodejs（第二次\nodejs-code\LABIXIAOXIN\server\node_modules\egg-logrotator\app\schedule\rotate_by_file.js
2020-01-31 13:29:20,462 INFO 14156 [Timer] D:\Web前端\高级Nodejs（第二次\nodejs-code\LABIXIAOXIN\server\node_modules\egg-multipart\app\schedule\clean_tmpdir.js next time will execute after 54039540ms at 2020-02-01 04:30:00.002
2020-01-31 13:29:20,462 INFO 14156 [Timer] D:\Web前端\高级Nodejs（第二次\nodejs-code\LABIXIAOXIN\server\node_modules\egg-logrotator\app\schedule\clean_log.js next time will execute after 37839538ms at 2020-02-01 00:00:00.000
2020-01-31 13:29:20,462 INFO 14156 [Timer] D:\Web前端\高级Nodejs（第二次\nodejs-code\LABIXIAOXIN\server\node_modules\egg-logrotator\app\schedule\rotate_by_file.js next time will execute after 37840538ms at 2020-02-01 00:00:01.000
2020-01-31 13:30:12,613 INFO 12588 [egg-schedule]: register schedule D:\Web前端\高级Nodejs（第二次\nodejs-code\LABIXIAOXIN\server\node_modules\egg-multipart\app\schedule\clean_tmpdir.js
2020-01-31 13:30:12,613 INFO 12588 [egg-schedule]: register schedule D:\Web前端\高级Nodejs（第二次\nodejs-code\LABIXIAOXIN\server\node_modules\egg-logrotator\app\schedule\clean_log.js
2020-01-31 13:30:12,614 INFO 12588 [egg-schedule]: register schedule D:\Web前端\高级Nodejs（第二次\nodejs-code\LABIXIAOXIN\server\node_modules\egg-logrotator\app\schedule\rotate_by_file.js
2020-01-31 13:31:24,540 INFO 8200 [egg-schedule]: register schedule D:\Web前端\高级Nodejs（第二次\nodejs-code\LABIXIAOXIN\server\node_modules\egg-multipart\app\schedule\clean_tmpdir.js
2020-01-31 13:31:24,540 INFO 8200 [egg-schedule]: register schedule D:\Web前端\高级Nodejs（第二次\nodejs-code\LABIXIAOXIN\server\node_modules\egg-logrotator\app\schedule\clean_log.js
2020-01-31 13:31:24,540 INFO 8200 [egg-schedule]: register schedule D:\Web前端\高级Nodejs（第二次\nodejs-code\LABIXIAOXIN\server\node_modules\egg-logrotator\app\schedule\rotate_by_file.js
2020-01-31 13:31:30,119 INFO 14924 [egg-schedule]: register schedule D:\Web前端\高级Nodejs（第二次\nodejs-code\LABIXIAOXIN\server\node_modules\egg-multipart\app\schedule\clean_tmpdir.js
2020-01-31 13:31:30,119 INFO 14924 [egg-schedule]: register schedule D:\Web前端\高级Nodejs（第二次\nodejs-code\LABIXIAOXIN\server\node_modules\egg-logrotator\app\schedule\clean_log.js
2020-01-31 13:31:30,119 INFO 14924 [egg-schedule]: register schedule D:\Web前端\高级Nodejs（第二次\nodejs-code\LABIXIAOXIN\server\node_modules\egg-logrotator\app\schedule\rotate_by_file.js
2020-01-31 13:32:00,883 INFO 13892 [egg-schedule]: register schedule D:\Web前端\高级Nodejs（第二次\nodejs-code\LABIXIAOXIN\server\node_modules\egg-multipart\app\schedule\clean_tmpdir.js
2020-01-31 13:32:00,883 INFO 13892 [egg-schedule]: register schedule D:\Web前端\高级Nodejs（第二次\nodejs-code\LABIXIAOXIN\server\node_modules\egg-logrotator\app\schedule\clean_log.js
2020-01-31 13:32:00,883 INFO 13892 [egg-schedule]: register schedule D:\Web前端\高级Nodejs（第二次\nodejs-code\LABIXIAOXIN\server\node_modules\egg-logrotator\app\schedule\rotate_by_file.js
2020-01-31 13:32:18,203 INFO 5532 [egg-schedule]: register schedule D:\Web前端\高级Nodejs（第二次\nodejs-code\LABIXIAOXIN\server\node_modules\egg-multipart\app\schedule\clean_tmpdir.js
2020-01-31 13:32:18,204 INFO 5532 [egg-schedule]: register schedule D:\Web前端\高级Nodejs（第二次\nodejs-code\LABIXIAOXIN\server\node_modules\egg-logrotator\app\schedule\clean_log.js
2020-01-31 13:32:18,204 INFO 5532 [egg-schedule]: register schedule D:\Web前端\高级Nodejs（第二次\nodejs-code\LABIXIAOXIN\server\node_modules\egg-logrotator\app\schedule\rotate_by_file.js
2020-01-31 13:32:31,468 INFO 15260 [egg-schedule]: register schedule D:\Web前端\高级Nodejs（第二次\nodejs-code\LABIXIAOXIN\server\node_modules\egg-multipart\app\schedule\clean_tmpdir.js
2020-01-31 13:32:31,468 INFO 15260 [egg-schedule]: register schedule D:\Web前端\高级Nodejs（第二次\nodejs-code\LABIXIAOXIN\server\node_modules\egg-logrotator\app\schedule\clean_log.js
2020-01-31 13:32:31,468 INFO 15260 [egg-schedule]: register schedule D:\Web前端\高级Nodejs（第二次\nodejs-code\LABIXIAOXIN\server\node_modules\egg-logrotator\app\schedule\rotate_by_file.js
